Diagnose log at 2026-02-20T16:14:48Z

AppPath: C:\Program Files\Git\mingw64\bin\git-credential-manager.exe
InstallDir: C:\Program Files\Git\mingw64\bin\
Version: 2.6.1+786ab03440ddc82e807a97c0e540f5247e44cec6

------------
Diagnostic: Environment
Skipped: False
Success: True
Exception: None
Log:
OSType: Windows
OSVersion: 10.0 (build 26200)
Reading environment variables... OK
 Variables:
HOMEPATH=\Users\Dinuga
DriverData=C:\Windows\System32\Drivers\DriverData
TERMINAL_EMULATOR=JetBrains-JediTerm
GIT_TRACE2_PARENT_SID=74649cd5-c6ca-4e57-a833-1f6cd4a1a905
CommonProgramFiles(x86)=C:\Program Files (x86)\Common Files
SOPC_KIT_NIOS2=C:\altera\13.0sp1\nios2eds
OneDrive=C:\Users\Dinuga\OneDrive
INTELLIJ_TERMINAL_COMMAND_BLOCKS_REWORKED=1
PROCESS_LAUNCHED_BY_Q=1
RegionCode=APJ
TMP=C:\Users\Dinuga\AppData\Local\Temp
HOME=C:\Users\Dinuga
PROCESSOR_REVISION=ba03
PROCESSOR_ARCHITECTURE=x86
PATHEXT=.COM;.EXE;.BAT;.CMD;.VBS;.VBE;.JS;.JSE;.WSF;.WSH;.MSC;.CPL
CommonProgramFiles=C:\Program Files (x86)\Common Files
SystemDrive=C:
GIT_EXEC_PATH=C:/Program Files/Git/mingw64/libexec/git-core
JETBRAINS_INTELLIJ_COMMAND_END_MARKER=V6jkPMJ2sqkUbzUBwBWK8hr1X4tHYfDH89UKmPt0buCfuRG6NkY2UzBnRifDban0
TEMP=C:\Users\Dinuga\AppData\Local\Temp
LOCALAPPDATA=C:\Users\Dinuga\AppData\Local
MSYSTEM=MINGW64
TERM=xterm-256color
FIG_TERM=1
ProgramData=C:\ProgramData
windir=C:\WINDOWS
JAVA_HOME=C:\Program Files\Java\jdk-24
OS=Windows_NT
ProgramFiles(x86)=C:\Program Files (x86)
platformcode=AN
HOMEDRIVE=C:
EFC_10220_2775293581=1
EFC_10220_344590478=1
MKL_SERIAL=YES
PROCESSOR_LEVEL=6
PROCESSOR_IDENTIFIER=Intel64 Family 6 Model 186 Stepping 3, GenuineIntel
TMPDIR=C:\Users\Dinuga\AppData\Local\Temp
PROCESS_LAUNCHED_BY_CW=1
PSModulePath=C:\Users\Dinuga\Documents\WindowsPowerShell\Modules;C:\Program Files\WindowsPowerShell\Modules;C:\WINDOWS\system32\WindowsPowerShell\v1.0\Modules
EFC_10220_2283032206=1
NUMBER_OF_PROCESSORS=12
SESSIONNAME=Console
EFC_10220_3789132940=1
QUARTUS_ROOTDIR=C:\altera\13.0sp1\quartus
PLINK_PROTOCOL=ssh
MAVEN_HOME=C:\apache-maven-3.9.12-bin\apache-maven-3.9.12
ProgramW6432=C:\Program Files
ProgramFiles=C:\Program Files (x86)
USERDOMAIN=LAPTOP-NCQH6477
OnlineServices=Online Services
SystemRoot=C:\WINDOWS
PUBLIC=C:\Users\Public
TERM_SESSION_ID=60a3b23e-d020-49e9-a0ee-e7bb907ccc7f
COMPUTERNAME=LAPTOP-NCQH6477
CommonProgramW6432=C:\Program Files\Common Files
ZES_ENABLE_SYSMAN=1
LOGONSERVER=\\LAPTOP-NCQH6477
EFC_10220_1262719628=1
USERPROFILE=C:\Users\Dinuga
FPS_BROWSER_USER_PROFILE_STRING=Default
USERDOMAIN_ROAMINGPROFILE=LAPTOP-NCQH6477
APPDATA=C:\Users\Dinuga\AppData\Roaming
COLORTERM=truecolor
EFC_10220_1592913036=1
VBOX_MSI_INSTALL_PATH=C:\Program Files\Oracle\VirtualBox\
USERNAME=Dinuga
PROCESSOR_ARCHITEW6432=AMD64
FPS_BROWSER_APP_PROFILE_STRING=Internet Explorer
PSExecutionPolicyPreference=Bypass
LC_CTYPE=C.UTF-8
ComSpec=C:\WINDOWS\system32\cmd.exe
Path=C:/Program Files/Git/mingw64/libexec/git-core;C:\Program Files\Git\mingw64\bin;C:\Program Files\Git\usr\bin;C:\Users\Dinuga\bin;C:\Program Files\Common Files\Oracle\Java\javapath;C:\Program Files (x86)\Common Files\Oracle\Java\java8path;C:\Program Files (x86)\Common Files\Oracle\Java\javapath;C:\windows\system32;C:\windows;C:\windows\System32\Wbem;C:\windows\System32\WindowsPowerShell\v1.0\;C:\windows\System32\OpenSSH\;C:\Program Files\HP\HP One Agent;C:\Program Files\dotnet\;C:\WINDOWS\system32;C:\WINDOWS;C:\WINDOWS\System32\Wbem;C:\WINDOWS\System32\WindowsPowerShell\v1.0\;C:\WINDOWS\System32\OpenSSH\;C:\flutterdev\flutter\bin;C:\WINDOWS\system32\config\systemprofile\AppData\Local\Muse Hub\lib;C:\Program Files\Git\cmd;C:\Program Files\Java\jdk-24\bin;C:\Program Files\nodejs\;C:\ProgramData\Microsoft\Windows\Start Menu\Programs\MySQL;C:\Program Files\MySQL\MySQL Workbench 8.0 CE\MySQLWorkbench.exe;C:\apache-maven-3.9.12-bin\apache-maven-3.9.12\bin;C:\apache-maven-3.9.12-bin\apache-maven-3.9.12\bin;C:\Users\Dinuga\AppData\Local\Programs\Eclipse Adoptium\jdk-11.0.30.7-hotspot\bin;C:\Program Files\Java\jdk-24\bin;C:\Microsoft VS Code\bin;C:\Users\Dinuga\AppData\Roaming\npm;C:\Users\Dinuga\AppData\Local\Programs\Antigravity\bin
PT8HOME=C:\Program Files\Cisco Packet Tracer 8.2.2
KMP_DUPLICATE_LIB_OK=TRUE
ALLUSERSPROFILE=C:\ProgramData


------------
Diagnostic: File system
Skipped: False
Success: True
Exception: None
Log:
Temporary directory is 'C:\Users\Dinuga\AppData\Local\Temp\'...
Checking basic file I/O...
Writing to temporary file 'C:\Users\Dinuga\AppData\Local\Temp\2d9248ef8ebd3aa109bd078e'... OK
Reading from temporary file 'C:\Users\Dinuga\AppData\Local\Temp\2d9248ef8ebd3aa109bd078e'... OK
Deleting temporary file 'C:\Users\Dinuga\AppData\Local\Temp\2d9248ef8ebd3aa109bd078e'... OK
Testing IFileSystem instance...
UserHomePath: C:\Users\Dinuga
UserDataDirectoryPath: C:\Users\Dinuga\.gcm
GetCurrentDirectory(): C:\Users\Dinuga\OneDrive\Desktop\LumberyardManagement-main\LumberyardManagement-main

------------
Diagnostic: Networking
Skipped: False
Success: True
Exception: None
Log:
Checking networking and HTTP stack...
Creating HTTP client... OK
IsNetworkAvailable: True
Sending HEAD request to http://example.com...Sending HEAD request to https://example.com... OK
 OK
Acquiring free TCP port... OK
Testing local HTTP loopback connections...
Creating new HTTP listener for http://localhost:56022/... OK
Waiting for loopback connection... OK
Writing response... OK
Waiting for response data... OK
Loopback connection data OK

------------
Diagnostic: Git
Skipped: False
Success: True
Exception: None
Log:
Getting Git version... OK
Git version is '2.50.1.windows.1'
Locating current repository...Git repository at 'C:/Users/Dinuga/OneDrive/Desktop/LumberyardManagement-main/LumberyardManagement-main/.git'
 OK
Listing all Git configuration... OK
Git configuration:
file:C:/Program Files/Git/etc/gitconfig	diff.astextplain.textconv=astextplain
file:C:/Program Files/Git/etc/gitconfig	filter.lfs.clean=git-lfs clean -- %f
file:C:/Program Files/Git/etc/gitconfig	filter.lfs.smudge=git-lfs smudge -- %f
file:C:/Program Files/Git/etc/gitconfig	filter.lfs.process=git-lfs filter-process
file:C:/Program Files/Git/etc/gitconfig	filter.lfs.required=true
file:C:/Program Files/Git/etc/gitconfig	http.sslbackend=schannel
file:C:/Program Files/Git/etc/gitconfig	core.autocrlf=true
file:C:/Program Files/Git/etc/gitconfig	core.fscache=true
file:C:/Program Files/Git/etc/gitconfig	core.symlinks=false
file:C:/Program Files/Git/etc/gitconfig	pull.rebase=false
file:C:/Program Files/Git/etc/gitconfig	credential.helper=manager
file:C:/Program Files/Git/etc/gitconfig	credential.https://dev.azure.com.usehttppath=true
file:C:/Program Files/Git/etc/gitconfig	init.defaultbranch=master
file:C:/Users/Dinuga/.gitconfig	user.name=200502800140
file:C:/Users/Dinuga/.gitconfig	user.email=it24103469@my.sliit.lk
file:.git/config	core.repositoryformatversion=0
file:.git/config	core.filemode=false
file:.git/config	core.bare=false
file:.git/config	core.logallrefupdates=true
file:.git/config	core.symlinks=false
file:.git/config	core.ignorecase=true
file:.git/config	remote.origin.url=https://github.com/WattBhanu/LumberyardManagement.git
file:.git/config	remote.origin.fetch=+refs/heads/*:refs/remotes/origin/*


------------
Diagnostic: Credential storage
Skipped: False
Success: True
Exception: None
Log:
ICredentialStore instance is of type: CredentialStore
Writing test credential... OK
Reading test credential... OK
Deleting test credential... OK

------------
Diagnostic: Microsoft authentication (AAD/MSA)
Skipped: False
Success: True
Exception: None
Log:
Broker is not enabled.
Flow type is: Auto
Gathering MSAL token cache data... OK
CacheDirectory: C:\Users\Dinuga\AppData\Local\.IdentityService
CacheFileName: msal.cache
CacheFilePath: C:\Users\Dinuga\AppData\Local\.IdentityService\msal.cache
Creating cache helper... OK
Verifying MSAL token cache persistence... OK

------------
Diagnostic: GitHub API
Skipped: False
Success: True
Exception: None
Log:
Using 'https://github.com/' as API target.
Querying '/meta' endpoint... OK

